{"/Users/ilaminaty/Desktop/work-repo/xendit-KYC-platform/src/app.ts": {"path":"/Users/ilaminaty/Desktop/work-repo/xendit-KYC-platform/src/app.ts","statementMap":{"0":{"start":{"line":1,"column":0},"end":{"line":1,"column":30}},"1":{"start":{"line":2,"column":0},"end":{"line":2,"column":43}},"2":{"start":{"line":3,"column":0},"end":{"line":3,"column":34}},"3":{"start":{"line":4,"column":0},"end":{"line":4,"column":49}},"4":{"start":{"line":5,"column":0},"end":{"line":5,"column":57}},"5":{"start":{"line":6,"column":0},"end":{"line":6,"column":52}},"6":{"start":{"line":7,"column":0},"end":{"line":7,"column":38}},"7":{"start":{"line":8,"column":0},"end":{"line":8,"column":46}},"8":{"start":{"line":9,"column":0},"end":{"line":9,"column":28}},"9":{"start":{"line":10,"column":0},"end":{"line":10,"column":53}},"10":{"start":{"line":11,"column":0},"end":{"line":11,"column":64}},"11":{"start":{"line":13,"column":0},"end":{"line":13,"column":16}},"12":{"start":{"line":15,"column":12},"end":{"line":15,"column":21}},"13":{"start":{"line":17,"column":0},"end":{"line":17,"column":24}},"14":{"start":{"line":20,"column":18},"end":{"line":29,"column":null}},"15":{"start":{"line":69,"column":9},"end":{"line":69,"column":18}},"16":{"start":{"line":32,"column":22},"end":{"line":32,"column":60}},"17":{"start":{"line":37,"column":27},"end":{"line":49,"column":2}},"18":{"start":{"line":37,"column":38},"end":{"line":49,"column":2}},"19":{"start":{"line":38,"column":2},"end":{"line":48,"column":3}},"20":{"start":{"line":39,"column":4},"end":{"line":39,"column":35}},"21":{"start":{"line":40,"column":4},"end":{"line":40,"column":74}},"22":{"start":{"line":42,"column":4},"end":{"line":42,"column":35}},"23":{"start":{"line":43,"column":4},"end":{"line":43,"column":27}},"24":{"start":{"line":44,"column":4},"end":{"line":44,"column":55}},"25":{"start":{"line":46,"column":4},"end":{"line":46,"column":61}},"26":{"start":{"line":47,"column":4},"end":{"line":47,"column":20}},"27":{"start":{"line":51,"column":0},"end":{"line":51,"column":21}},"28":{"start":{"line":54,"column":0},"end":{"line":54,"column":37}},"29":{"start":{"line":55,"column":0},"end":{"line":55,"column":53}},"30":{"start":{"line":56,"column":0},"end":{"line":56,"column":46}},"31":{"start":{"line":57,"column":0},"end":{"line":57,"column":42}},"32":{"start":{"line":60,"column":0},"end":{"line":60,"column":62}},"33":{"start":{"line":61,"column":0},"end":{"line":63,"column":2}},"34":{"start":{"line":66,"column":0},"end":{"line":66,"column":22}},"35":{"start":{"line":68,"column":0},"end":{"line":68,"column":19}}},"fnMap":{"0":{"name":"(anonymous_8)","decl":{"start":{"line":37,"column":27},"end":{"line":37,"column":36}},"loc":{"start":{"line":37,"column":38},"end":{"line":49,"column":2}}},"1":{"name":"(anonymous_9)","decl":{"start":{"line":37,"column":38},"end":{"line":37,"column":null}},"loc":{"start":{"line":37,"column":38},"end":{"line":49,"column":1}}}},"branchMap":{"0":{"loc":{"start":{"line":21,"column":2},"end":{"line":21,"column":35}},"type":"binary-expr","locations":[{"start":{"line":21,"column":2},"end":{"line":21,"column":21}},{"start":{"line":21,"column":25},"end":{"line":21,"column":35}}]},"1":{"loc":{"start":{"line":22,"column":2},"end":{"line":22,"column":31}},"type":"binary-expr","locations":[{"start":{"line":22,"column":2},"end":{"line":22,"column":21}},{"start":{"line":22,"column":25},"end":{"line":22,"column":31}}]},"2":{"loc":{"start":{"line":23,"column":2},"end":{"line":23,"column":31}},"type":"binary-expr","locations":[{"start":{"line":23,"column":2},"end":{"line":23,"column":25}},{"start":{"line":23,"column":29},"end":{"line":23,"column":31}}]},"3":{"loc":{"start":{"line":25,"column":10},"end":{"line":25,"column":44}},"type":"binary-expr","locations":[{"start":{"line":25,"column":10},"end":{"line":25,"column":29}},{"start":{"line":25,"column":33},"end":{"line":25,"column":44}}]},"4":{"loc":{"start":{"line":27,"column":19},"end":{"line":27,"column":48}},"type":"binary-expr","locations":[{"start":{"line":27,"column":19},"end":{"line":27,"column":38}},{"start":{"line":27,"column":42},"end":{"line":27,"column":48}}]}},"s":{"0":1,"1":1,"2":1,"3":1,"4":1,"5":1,"6":1,"7":1,"8":1,"9":1,"10":1,"11":1,"12":1,"13":1,"14":1,"15":1,"16":1,"17":1,"18":1,"19":1,"20":1,"21":1,"22":1,"23":1,"24":0,"25":0,"26":0,"27":1,"28":1,"29":1,"30":1,"31":1,"32":1,"33":1,"34":1,"35":1},"f":{"0":1,"1":1},"b":{"0":[1,0],"1":[1,0],"2":[1,0],"3":[1,0],"4":[1,0]}}
,"/Users/ilaminaty/Desktop/work-repo/xendit-KYC-platform/src/swagger.ts": {"path":"/Users/ilaminaty/Desktop/work-repo/xendit-KYC-platform/src/swagger.ts","statementMap":{"0":{"start":{"line":1,"column":0},"end":{"line":1,"column":41}},"1":{"start":{"line":2,"column":0},"end":{"line":2,"column":28}},"2":{"start":{"line":4,"column":0},"end":{"line":4,"column":16}},"3":{"start":{"line":6,"column":38},"end":{"line":22,"column":2}},"4":{"start":{"line":24,"column":13},"end":{"line":24,"column":43}}},"fnMap":{},"branchMap":{"0":{"loc":{"start":{"line":17,"column":33},"end":{"line":17,"column":57}},"type":"binary-expr","locations":[{"start":{"line":17,"column":33},"end":{"line":17,"column":49}},{"start":{"line":17,"column":53},"end":{"line":17,"column":57}}]}},"s":{"0":1,"1":1,"2":1,"3":1,"4":1},"f":{},"b":{"0":[1,0]}}
,"/Users/ilaminaty/Desktop/work-repo/xendit-KYC-platform/src/config/database.ts": {"path":"/Users/ilaminaty/Desktop/work-repo/xendit-KYC-platform/src/config/database.ts","statementMap":{"0":{"start":{"line":1,"column":0},"end":{"line":1,"column":38}},"1":{"start":{"line":2,"column":0},"end":{"line":2,"column":28}},"2":{"start":{"line":4,"column":0},"end":{"line":4,"column":16}},"3":{"start":{"line":6,"column":18},"end":{"line":14,"column":2}},"4":{"start":{"line":16,"column":0},"end":{"line":16,"column":25}}},"fnMap":{},"branchMap":{"0":{"loc":{"start":{"line":9,"column":17},"end":{"line":9,"column":46}},"type":"binary-expr","locations":[{"start":{"line":9,"column":17},"end":{"line":9,"column":36}},{"start":{"line":9,"column":40},"end":{"line":9,"column":46}}]}},"s":{"0":1,"1":1,"2":1,"3":1,"4":1},"f":{},"b":{"0":[1,0]}}
,"/Users/ilaminaty/Desktop/work-repo/xendit-KYC-platform/src/controllers/customerController.ts": {"path":"/Users/ilaminaty/Desktop/work-repo/xendit-KYC-platform/src/controllers/customerController.ts","statementMap":{"0":{"start":{"line":2,"column":0},"end":{"line":2,"column":46}},"1":{"start":{"line":3,"column":0},"end":{"line":3,"column":50}},"2":{"start":{"line":4,"column":0},"end":{"line":4,"column":44}},"3":{"start":{"line":5,"column":0},"end":{"line":5,"column":26}},"4":{"start":{"line":6,"column":0},"end":{"line":6,"column":29}},"5":{"start":{"line":7,"column":0},"end":{"line":7,"column":24}},"6":{"start":{"line":8,"column":0},"end":{"line":8,"column":46}},"7":{"start":{"line":9,"column":0},"end":{"line":9,"column":46}},"8":{"start":{"line":11,"column":30},"end":{"line":34,"column":2}},"9":{"start":{"line":11,"column":68},"end":{"line":34,"column":2}},"10":{"start":{"line":12,"column":2},"end":{"line":33,"column":3}},"11":{"start":{"line":13,"column":25},"end":{"line":13,"column":33}},"12":{"start":{"line":15,"column":22},"end":{"line":15,"column":35}},"13":{"start":{"line":17,"column":21},"end":{"line":17,"column":56}},"14":{"start":{"line":20,"column":23},"end":{"line":20,"column":94}},"15":{"start":{"line":22,"column":4},"end":{"line":24,"column":7}},"16":{"start":{"line":23,"column":6},"end":{"line":23,"column":64}},"17":{"start":{"line":26,"column":4},"end":{"line":29,"column":7}},"18":{"start":{"line":31,"column":4},"end":{"line":31,"column":53}},"19":{"start":{"line":32,"column":4},"end":{"line":32,"column":65}},"20":{"start":{"line":11,"column":13},"end":{"line":11,"column":30}},"21":{"start":{"line":38,"column":2},"end":{"line":47,"column":3}},"22":{"start":{"line":39,"column":4},"end":{"line":39,"column":48}},"23":{"start":{"line":40,"column":4},"end":{"line":43,"column":5}},"24":{"start":{"line":41,"column":6},"end":{"line":41,"column":41}},"25":{"start":{"line":42,"column":6},"end":{"line":42,"column":13}},"26":{"start":{"line":45,"column":4},"end":{"line":45,"column":51}},"27":{"start":{"line":46,"column":4},"end":{"line":46,"column":11}},"28":{"start":{"line":49,"column":2},"end":{"line":81,"column":3}},"29":{"start":{"line":50,"column":35},"end":{"line":53,"column":6}},"30":{"start":{"line":55,"column":23},"end":{"line":55,"column":62}},"31":{"start":{"line":56,"column":4},"end":{"line":59,"column":5}},"32":{"start":{"line":57,"column":6},"end":{"line":57,"column":44}},"33":{"start":{"line":58,"column":6},"end":{"line":58,"column":13}},"34":{"start":{"line":61,"column":4},"end":{"line":77,"column":5}},"35":{"start":{"line":62,"column":6},"end":{"line":62,"column":37}},"36":{"start":{"line":63,"column":6},"end":{"line":63,"column":30}},"37":{"start":{"line":64,"column":6},"end":{"line":73,"column":7}},"38":{"start":{"line":65,"column":8},"end":{"line":69,"column":11}},"39":{"start":{"line":71,"column":8},"end":{"line":71,"column":55}},"40":{"start":{"line":75,"column":6},"end":{"line":75,"column":37}},"41":{"start":{"line":76,"column":6},"end":{"line":76,"column":30}},"42":{"start":{"line":79,"column":4},"end":{"line":79,"column":64}},"43":{"start":{"line":85,"column":2},"end":{"line":107,"column":3}},"44":{"start":{"line":86,"column":4},"end":{"line":88,"column":5}},"45":{"start":{"line":87,"column":6},"end":{"line":87,"column":30}},"46":{"start":{"line":90,"column":20},"end":{"line":90,"column":106}},"47":{"start":{"line":92,"column":24},"end":{"line":93,"column":null}},"48":{"start":{"line":93,"column":8},"end":{"line":93,"column":70}},"49":{"start":{"line":93,"column":38},"end":{"line":93,"column":69}},"50":{"start":{"line":96,"column":19},"end":{"line":96,"column":31}},"51":{"start":{"line":98,"column":4},"end":{"line":101,"column":7}},"52":{"start":{"line":103,"column":4},"end":{"line":103,"column":22}},"53":{"start":{"line":105,"column":4},"end":{"line":105,"column":56}},"54":{"start":{"line":106,"column":4},"end":{"line":106,"column":29}},"55":{"start":{"line":111,"column":2},"end":{"line":133,"column":3}},"56":{"start":{"line":112,"column":4},"end":{"line":114,"column":5}},"57":{"start":{"line":113,"column":6},"end":{"line":113,"column":30}},"58":{"start":{"line":116,"column":20},"end":{"line":116,"column":106}},"59":{"start":{"line":118,"column":24},"end":{"line":119,"column":null}},"60":{"start":{"line":119,"column":8},"end":{"line":119,"column":70}},"61":{"start":{"line":119,"column":38},"end":{"line":119,"column":69}},"62":{"start":{"line":122,"column":19},"end":{"line":122,"column":31}},"63":{"start":{"line":124,"column":4},"end":{"line":127,"column":7}},"64":{"start":{"line":129,"column":4},"end":{"line":129,"column":22}},"65":{"start":{"line":131,"column":4},"end":{"line":131,"column":56}},"66":{"start":{"line":132,"column":4},"end":{"line":132,"column":29}},"67":{"start":{"line":137,"column":2},"end":{"line":144,"column":3}},"68":{"start":{"line":138,"column":4},"end":{"line":138,"column":44}},"69":{"start":{"line":139,"column":4},"end":{"line":139,"column":39}},"70":{"start":{"line":140,"column":4},"end":{"line":140,"column":32}},"71":{"start":{"line":142,"column":4},"end":{"line":142,"column":51}},"72":{"start":{"line":143,"column":4},"end":{"line":143,"column":16}},"73":{"start":{"line":147,"column":27},"end":{"line":158,"column":2}},"74":{"start":{"line":147,"column":65},"end":{"line":158,"column":2}},"75":{"start":{"line":148,"column":2},"end":{"line":157,"column":3}},"76":{"start":{"line":149,"column":21},"end":{"line":149,"column":59}},"77":{"start":{"line":150,"column":4},"end":{"line":152,"column":5}},"78":{"start":{"line":151,"column":6},"end":{"line":151,"column":67}},"79":{"start":{"line":153,"column":4},"end":{"line":153,"column":23}},"80":{"start":{"line":155,"column":4},"end":{"line":155,"column":55}},"81":{"start":{"line":156,"column":4},"end":{"line":156,"column":67}},"82":{"start":{"line":147,"column":13},"end":{"line":147,"column":27}},"83":{"start":{"line":160,"column":30},"end":{"line":175,"column":2}},"84":{"start":{"line":160,"column":68},"end":{"line":175,"column":2}},"85":{"start":{"line":161,"column":2},"end":{"line":174,"column":3}},"86":{"start":{"line":162,"column":26},"end":{"line":165,"column":6}},"87":{"start":{"line":166,"column":4},"end":{"line":168,"column":5}},"88":{"start":{"line":167,"column":6},"end":{"line":167,"column":67}},"89":{"start":{"line":169,"column":28},"end":{"line":169,"column":66}},"90":{"start":{"line":170,"column":4},"end":{"line":170,"column":30}},"91":{"start":{"line":172,"column":4},"end":{"line":172,"column":53}},"92":{"start":{"line":173,"column":4},"end":{"line":173,"column":65}},"93":{"start":{"line":160,"column":13},"end":{"line":160,"column":30}},"94":{"start":{"line":177,"column":31},"end":{"line":185,"column":2}},"95":{"start":{"line":177,"column":69},"end":{"line":185,"column":2}},"96":{"start":{"line":178,"column":2},"end":{"line":184,"column":3}},"97":{"start":{"line":179,"column":22},"end":{"line":179,"column":46}},"98":{"start":{"line":180,"column":4},"end":{"line":180,"column":24}},"99":{"start":{"line":182,"column":4},"end":{"line":182,"column":56}},"100":{"start":{"line":183,"column":4},"end":{"line":183,"column":68}},"101":{"start":{"line":177,"column":13},"end":{"line":177,"column":31}}},"fnMap":{"0":{"name":"(anonymous_8)","decl":{"start":{"line":11,"column":30},"end":{"line":11,"column":37}},"loc":{"start":{"line":11,"column":68},"end":{"line":34,"column":2}}},"1":{"name":"(anonymous_9)","decl":{"start":{"line":11,"column":68},"end":{"line":11,"column":null}},"loc":{"start":{"line":11,"column":68},"end":{"line":34,"column":1}}},"2":{"name":"(anonymous_10)","decl":{"start":{"line":22,"column":74},"end":{"line":22,"column":75}},"loc":{"start":{"line":22,"column":84},"end":{"line":24,"column":5}}},"3":{"name":"performSubmissionChecks","decl":{"start":{"line":36,"column":15},"end":{"line":36,"column":38}},"loc":{"start":{"line":36,"column":97},"end":{"line":82,"column":null}}},"4":{"name":"performAMLCheck","decl":{"start":{"line":84,"column":15},"end":{"line":84,"column":30}},"loc":{"start":{"line":84,"column":84},"end":{"line":108,"column":null}}},"5":{"name":"(anonymous_15)","decl":{"start":{"line":92,"column":37},"end":{"line":92,"column":38}},"loc":{"start":{"line":93,"column":8},"end":{"line":93,"column":70}}},"6":{"name":"(anonymous_16)","decl":{"start":{"line":93,"column":31},"end":{"line":93,"column":34}},"loc":{"start":{"line":93,"column":38},"end":{"line":93,"column":69}}},"7":{"name":"performCFTCheck","decl":{"start":{"line":110,"column":15},"end":{"line":110,"column":30}},"loc":{"start":{"line":110,"column":84},"end":{"line":134,"column":null}}},"8":{"name":"(anonymous_19)","decl":{"start":{"line":118,"column":37},"end":{"line":118,"column":38}},"loc":{"start":{"line":119,"column":8},"end":{"line":119,"column":70}}},"9":{"name":"(anonymous_20)","decl":{"start":{"line":119,"column":31},"end":{"line":119,"column":34}},"loc":{"start":{"line":119,"column":38},"end":{"line":119,"column":69}}},"10":{"name":"sendWebhook","decl":{"start":{"line":136,"column":15},"end":{"line":136,"column":26}},"loc":{"start":{"line":136,"column":49},"end":{"line":145,"column":null}}},"11":{"name":"(anonymous_23)","decl":{"start":{"line":147,"column":27},"end":{"line":147,"column":34}},"loc":{"start":{"line":147,"column":65},"end":{"line":158,"column":2}}},"12":{"name":"(anonymous_24)","decl":{"start":{"line":147,"column":65},"end":{"line":147,"column":null}},"loc":{"start":{"line":147,"column":65},"end":{"line":158,"column":1}}},"13":{"name":"(anonymous_25)","decl":{"start":{"line":160,"column":30},"end":{"line":160,"column":37}},"loc":{"start":{"line":160,"column":68},"end":{"line":175,"column":2}}},"14":{"name":"(anonymous_26)","decl":{"start":{"line":160,"column":68},"end":{"line":160,"column":null}},"loc":{"start":{"line":160,"column":68},"end":{"line":175,"column":1}}},"15":{"name":"(anonymous_27)","decl":{"start":{"line":177,"column":31},"end":{"line":177,"column":38}},"loc":{"start":{"line":177,"column":69},"end":{"line":185,"column":2}}},"16":{"name":"(anonymous_28)","decl":{"start":{"line":177,"column":69},"end":{"line":177,"column":null}},"loc":{"start":{"line":177,"column":69},"end":{"line":185,"column":1}}}},"branchMap":{"0":{"loc":{"start":{"line":40,"column":4},"end":{"line":43,"column":5}},"type":"if","locations":[{"start":{"line":40,"column":4},"end":{"line":43,"column":5}}]},"1":{"loc":{"start":{"line":56,"column":4},"end":{"line":59,"column":5}},"type":"if","locations":[{"start":{"line":56,"column":4},"end":{"line":59,"column":5}}]},"2":{"loc":{"start":{"line":61,"column":4},"end":{"line":77,"column":5}},"type":"if","locations":[{"start":{"line":61,"column":4},"end":{"line":77,"column":5}},{"start":{"line":74,"column":11},"end":{"line":77,"column":5}}]},"3":{"loc":{"start":{"line":61,"column":8},"end":{"line":61,"column":44}},"type":"binary-expr","locations":[{"start":{"line":61,"column":8},"end":{"line":61,"column":24}},{"start":{"line":61,"column":28},"end":{"line":61,"column":44}}]},"4":{"loc":{"start":{"line":86,"column":4},"end":{"line":88,"column":5}},"type":"if","locations":[{"start":{"line":86,"column":4},"end":{"line":88,"column":5}}]},"5":{"loc":{"start":{"line":112,"column":4},"end":{"line":114,"column":5}},"type":"if","locations":[{"start":{"line":112,"column":4},"end":{"line":114,"column":5}}]},"6":{"loc":{"start":{"line":150,"column":4},"end":{"line":152,"column":5}},"type":"if","locations":[{"start":{"line":150,"column":4},"end":{"line":152,"column":5}}]},"7":{"loc":{"start":{"line":166,"column":4},"end":{"line":168,"column":5}},"type":"if","locations":[{"start":{"line":166,"column":4},"end":{"line":168,"column":5}}]}},"s":{"0":1,"1":1,"2":1,"3":1,"4":1,"5":1,"6":1,"7":1,"8":1,"9":0,"10":0,"11":0,"12":0,"13":0,"14":0,"15":0,"16":0,"17":0,"18":0,"19":0,"20":1,"21":0,"22":0,"23":0,"24":0,"25":0,"26":0,"27":0,"28":0,"29":0,"30":0,"31":0,"32":0,"33":0,"34":0,"35":0,"36":0,"37":0,"38":0,"39":0,"40":0,"41":0,"42":0,"43":0,"44":0,"45":0,"46":0,"47":0,"48":0,"49":0,"50":0,"51":0,"52":0,"53":0,"54":0,"55":0,"56":0,"57":0,"58":0,"59":0,"60":0,"61":0,"62":0,"63":0,"64":0,"65":0,"66":0,"67":0,"68":0,"69":0,"70":0,"71":0,"72":0,"73":1,"74":0,"75":0,"76":0,"77":0,"78":0,"79":0,"80":0,"81":0,"82":1,"83":1,"84":0,"85":0,"86":0,"87":0,"88":0,"89":0,"90":0,"91":0,"92":0,"93":1,"94":1,"95":0,"96":0,"97":0,"98":0,"99":0,"100":0,"101":1},"f":{"0":0,"1":0,"2":0,"3":0,"4":0,"5":0,"6":0,"7":0,"8":0,"9":0,"10":0,"11":0,"12":0,"13":0,"14":0,"15":0,"16":0},"b":{"0":[0],"1":[0],"2":[0,0],"3":[0,0],"4":[0],"5":[0],"6":[0],"7":[0]}}
,"/Users/ilaminaty/Desktop/work-repo/xendit-KYC-platform/src/controllers/healthControllers.ts": {"path":"/Users/ilaminaty/Desktop/work-repo/xendit-KYC-platform/src/controllers/healthControllers.ts","statementMap":{"0":{"start":{"line":2,"column":0},"end":{"line":2,"column":41}},"1":{"start":{"line":4,"column":25},"end":{"line":13,"column":2}},"2":{"start":{"line":4,"column":63},"end":{"line":13,"column":2}},"3":{"start":{"line":5,"column":2},"end":{"line":12,"column":3}},"4":{"start":{"line":6,"column":4},"end":{"line":6,"column":33}},"5":{"start":{"line":7,"column":4},"end":{"line":7,"column":74}},"6":{"start":{"line":9,"column":4},"end":{"line":11,"column":72}},"7":{"start":{"line":4,"column":13},"end":{"line":4,"column":25}}},"fnMap":{"0":{"name":"(anonymous_7)","decl":{"start":{"line":4,"column":25},"end":{"line":4,"column":32}},"loc":{"start":{"line":4,"column":63},"end":{"line":13,"column":2}}},"1":{"name":"(anonymous_8)","decl":{"start":{"line":4,"column":63},"end":{"line":4,"column":null}},"loc":{"start":{"line":4,"column":63},"end":{"line":13,"column":1}}}},"branchMap":{},"s":{"0":1,"1":1,"2":1,"3":1,"4":1,"5":1,"6":0,"7":1},"f":{"0":1,"1":1},"b":{}}
,"/Users/ilaminaty/Desktop/work-repo/xendit-KYC-platform/src/controllers/partnerController.ts": {"path":"/Users/ilaminaty/Desktop/work-repo/xendit-KYC-platform/src/controllers/partnerController.ts","statementMap":{"0":{"start":{"line":2,"column":0},"end":{"line":2,"column":44}},"1":{"start":{"line":3,"column":0},"end":{"line":3,"column":43}},"2":{"start":{"line":5,"column":29},"end":{"line":31,"column":2}},"3":{"start":{"line":5,"column":67},"end":{"line":31,"column":2}},"4":{"start":{"line":6,"column":12},"end":{"line":6,"column":41}},"5":{"start":{"line":8,"column":2},"end":{"line":30,"column":3}},"6":{"start":{"line":9,"column":4},"end":{"line":9,"column":69}},"7":{"start":{"line":12,"column":20},"end":{"line":12,"column":70}},"8":{"start":{"line":14,"column":4},"end":{"line":14,"column":67}},"9":{"start":{"line":16,"column":4},"end":{"line":16,"column":21}},"10":{"start":{"line":18,"column":4},"end":{"line":18,"column":43}},"11":{"start":{"line":20,"column":4},"end":{"line":20,"column":23}},"12":{"start":{"line":21,"column":4},"end":{"line":21,"column":52}},"13":{"start":{"line":22,"column":4},"end":{"line":25,"column":5}},"14":{"start":{"line":23,"column":6},"end":{"line":23,"column":53}},"15":{"start":{"line":24,"column":6},"end":{"line":24,"column":49}},"16":{"start":{"line":26,"column":4},"end":{"line":29,"column":7}},"17":{"start":{"line":5,"column":13},"end":{"line":5,"column":29}},"18":{"start":{"line":33,"column":30},"end":{"line":41,"column":2}},"19":{"start":{"line":33,"column":68},"end":{"line":41,"column":2}},"20":{"start":{"line":34,"column":2},"end":{"line":40,"column":3}},"21":{"start":{"line":35,"column":21},"end":{"line":35,"column":44}},"22":{"start":{"line":36,"column":4},"end":{"line":36,"column":35}},"23":{"start":{"line":38,"column":4},"end":{"line":38,"column":57}},"24":{"start":{"line":39,"column":4},"end":{"line":39,"column":67}},"25":{"start":{"line":33,"column":13},"end":{"line":33,"column":30}},"26":{"start":{"line":43,"column":26},"end":{"line":54,"column":2}},"27":{"start":{"line":43,"column":64},"end":{"line":54,"column":2}},"28":{"start":{"line":44,"column":2},"end":{"line":53,"column":3}},"29":{"start":{"line":45,"column":20},"end":{"line":45,"column":57}},"30":{"start":{"line":46,"column":4},"end":{"line":48,"column":5}},"31":{"start":{"line":47,"column":6},"end":{"line":47,"column":66}},"32":{"start":{"line":49,"column":4},"end":{"line":49,"column":22}},"33":{"start":{"line":51,"column":4},"end":{"line":51,"column":54}},"34":{"start":{"line":52,"column":4},"end":{"line":52,"column":66}},"35":{"start":{"line":43,"column":13},"end":{"line":43,"column":26}},"36":{"start":{"line":56,"column":29},"end":{"line":80,"column":2}},"37":{"start":{"line":56,"column":67},"end":{"line":80,"column":2}},"38":{"start":{"line":57,"column":12},"end":{"line":57,"column":41}},"39":{"start":{"line":59,"column":2},"end":{"line":79,"column":3}},"40":{"start":{"line":60,"column":26},"end":{"line":64,"column":6}},"41":{"start":{"line":66,"column":4},"end":{"line":69,"column":5}},"42":{"start":{"line":67,"column":6},"end":{"line":67,"column":25}},"43":{"start":{"line":68,"column":6},"end":{"line":68,"column":66}},"44":{"start":{"line":71,"column":4},"end":{"line":71,"column":21}},"45":{"start":{"line":73,"column":27},"end":{"line":73,"column":64}},"46":{"start":{"line":74,"column":4},"end":{"line":74,"column":29}},"47":{"start":{"line":76,"column":4},"end":{"line":76,"column":23}},"48":{"start":{"line":77,"column":4},"end":{"line":77,"column":52}},"49":{"start":{"line":78,"column":4},"end":{"line":78,"column":64}},"50":{"start":{"line":56,"column":13},"end":{"line":56,"column":29}}},"fnMap":{"0":{"name":"(anonymous_8)","decl":{"start":{"line":5,"column":29},"end":{"line":5,"column":36}},"loc":{"start":{"line":5,"column":67},"end":{"line":31,"column":2}}},"1":{"name":"(anonymous_9)","decl":{"start":{"line":5,"column":67},"end":{"line":5,"column":null}},"loc":{"start":{"line":5,"column":67},"end":{"line":31,"column":1}}},"2":{"name":"(anonymous_10)","decl":{"start":{"line":33,"column":30},"end":{"line":33,"column":37}},"loc":{"start":{"line":33,"column":68},"end":{"line":41,"column":2}}},"3":{"name":"(anonymous_11)","decl":{"start":{"line":33,"column":68},"end":{"line":33,"column":null}},"loc":{"start":{"line":33,"column":68},"end":{"line":41,"column":1}}},"4":{"name":"(anonymous_12)","decl":{"start":{"line":43,"column":26},"end":{"line":43,"column":33}},"loc":{"start":{"line":43,"column":64},"end":{"line":54,"column":2}}},"5":{"name":"(anonymous_13)","decl":{"start":{"line":43,"column":64},"end":{"line":43,"column":null}},"loc":{"start":{"line":43,"column":64},"end":{"line":54,"column":1}}},"6":{"name":"(anonymous_14)","decl":{"start":{"line":56,"column":29},"end":{"line":56,"column":36}},"loc":{"start":{"line":56,"column":67},"end":{"line":80,"column":2}}},"7":{"name":"(anonymous_15)","decl":{"start":{"line":56,"column":67},"end":{"line":56,"column":null}},"loc":{"start":{"line":56,"column":67},"end":{"line":80,"column":1}}}},"branchMap":{"0":{"loc":{"start":{"line":22,"column":4},"end":{"line":25,"column":5}},"type":"if","locations":[{"start":{"line":22,"column":4},"end":{"line":25,"column":5}}]},"1":{"loc":{"start":{"line":28,"column":15},"end":{"line":28,"column":69}},"type":"cond-expr","locations":[{"start":{"line":28,"column":40},"end":{"line":28,"column":53}},{"start":{"line":28,"column":56},"end":{"line":28,"column":69}}]},"2":{"loc":{"start":{"line":46,"column":4},"end":{"line":48,"column":5}},"type":"if","locations":[{"start":{"line":46,"column":4},"end":{"line":48,"column":5}}]},"3":{"loc":{"start":{"line":66,"column":4},"end":{"line":69,"column":5}},"type":"if","locations":[{"start":{"line":66,"column":4},"end":{"line":69,"column":5}}]}},"s":{"0":1,"1":1,"2":1,"3":0,"4":0,"5":0,"6":0,"7":0,"8":0,"9":0,"10":0,"11":0,"12":0,"13":0,"14":0,"15":0,"16":0,"17":1,"18":1,"19":0,"20":0,"21":0,"22":0,"23":0,"24":0,"25":1,"26":1,"27":0,"28":0,"29":0,"30":0,"31":0,"32":0,"33":0,"34":0,"35":1,"36":1,"37":0,"38":0,"39":0,"40":0,"41":0,"42":0,"43":0,"44":0,"45":0,"46":0,"47":0,"48":0,"49":0,"50":1},"f":{"0":0,"1":0,"2":0,"3":0,"4":0,"5":0,"6":0,"7":0},"b":{"0":[0],"1":[0,0],"2":[0],"3":[0]}}
,"/Users/ilaminaty/Desktop/work-repo/xendit-KYC-platform/src/controllers/submissionController.ts": {"path":"/Users/ilaminaty/Desktop/work-repo/xendit-KYC-platform/src/controllers/submissionController.ts","statementMap":{"0":{"start":{"line":2,"column":0},"end":{"line":2,"column":50}},"1":{"start":{"line":4,"column":30},"end":{"line":11,"column":2}},"2":{"start":{"line":4,"column":68},"end":{"line":11,"column":2}},"3":{"start":{"line":5,"column":2},"end":{"line":10,"column":3}},"4":{"start":{"line":6,"column":24},"end":{"line":6,"column":50}},"5":{"start":{"line":7,"column":4},"end":{"line":7,"column":38}},"6":{"start":{"line":9,"column":4},"end":{"line":9,"column":70}},"7":{"start":{"line":4,"column":13},"end":{"line":4,"column":30}},"8":{"start":{"line":13,"column":41},"end":{"line":34,"column":2}},"9":{"start":{"line":16,"column":4},"end":{"line":34,"column":2}},"10":{"start":{"line":17,"column":25},"end":{"line":17,"column":35}},"11":{"start":{"line":19,"column":2},"end":{"line":33,"column":3}},"12":{"start":{"line":20,"column":24},"end":{"line":22,"column":6}},"13":{"start":{"line":24,"column":4},"end":{"line":30,"column":5}},"14":{"start":{"line":25,"column":6},"end":{"line":27,"column":68}},"15":{"start":{"line":29,"column":6},"end":{"line":29,"column":40}},"16":{"start":{"line":32,"column":4},"end":{"line":32,"column":70}},"17":{"start":{"line":13,"column":13},"end":{"line":13,"column":41}},"18":{"start":{"line":36,"column":32},"end":{"line":45,"column":2}},"19":{"start":{"line":36,"column":70},"end":{"line":45,"column":2}},"20":{"start":{"line":37,"column":34},"end":{"line":37,"column":42}},"21":{"start":{"line":39,"column":2},"end":{"line":44,"column":3}},"22":{"start":{"line":40,"column":26},"end":{"line":40,"column":74}},"23":{"start":{"line":41,"column":4},"end":{"line":41,"column":40}},"24":{"start":{"line":43,"column":4},"end":{"line":43,"column":67}},"25":{"start":{"line":36,"column":13},"end":{"line":36,"column":32}}},"fnMap":{"0":{"name":"(anonymous_7)","decl":{"start":{"line":4,"column":30},"end":{"line":4,"column":37}},"loc":{"start":{"line":4,"column":68},"end":{"line":11,"column":2}}},"1":{"name":"(anonymous_8)","decl":{"start":{"line":4,"column":68},"end":{"line":4,"column":null}},"loc":{"start":{"line":4,"column":68},"end":{"line":11,"column":1}}},"2":{"name":"(anonymous_9)","decl":{"start":{"line":13,"column":41},"end":{"line":13,"column":null}},"loc":{"start":{"line":16,"column":4},"end":{"line":34,"column":2}}},"3":{"name":"(anonymous_10)","decl":{"start":{"line":16,"column":4},"end":{"line":16,"column":null}},"loc":{"start":{"line":16,"column":4},"end":{"line":34,"column":1}}},"4":{"name":"(anonymous_11)","decl":{"start":{"line":36,"column":32},"end":{"line":36,"column":39}},"loc":{"start":{"line":36,"column":70},"end":{"line":45,"column":2}}},"5":{"name":"(anonymous_12)","decl":{"start":{"line":36,"column":70},"end":{"line":36,"column":null}},"loc":{"start":{"line":36,"column":70},"end":{"line":45,"column":1}}}},"branchMap":{"0":{"loc":{"start":{"line":24,"column":4},"end":{"line":30,"column":5}},"type":"if","locations":[{"start":{"line":24,"column":4},"end":{"line":30,"column":5}},{"start":{"line":28,"column":11},"end":{"line":30,"column":5}}]}},"s":{"0":1,"1":1,"2":0,"3":0,"4":0,"5":0,"6":0,"7":1,"8":1,"9":0,"10":0,"11":0,"12":0,"13":0,"14":0,"15":0,"16":0,"17":1,"18":1,"19":0,"20":0,"21":0,"22":0,"23":0,"24":0,"25":1},"f":{"0":0,"1":0,"2":0,"3":0,"4":0,"5":0},"b":{"0":[0,0]}}
,"/Users/ilaminaty/Desktop/work-repo/xendit-KYC-platform/src/models/AmlCheck.ts": {"path":"/Users/ilaminaty/Desktop/work-repo/xendit-KYC-platform/src/models/AmlCheck.ts","statementMap":{"0":{"start":{"line":1,"column":0},"end":{"line":1,"column":56}},"1":{"start":{"line":40,"column":9},"end":{"line":40,"column":17}},"2":{"start":{"line":11,"column":33},"end":{"line":38,"column":1}},"3":{"start":{"line":12,"column":2},"end":{"line":35,"column":4}},"4":{"start":{"line":37,"column":2},"end":{"line":37,"column":18}},"5":{"start":{"line":11,"column":13},"end":{"line":11,"column":33}}},"fnMap":{"0":{"name":"(anonymous_0)","decl":{"start":{"line":11,"column":33},"end":{"line":11,"column":34}},"loc":{"start":{"line":11,"column":58},"end":{"line":38,"column":1}}}},"branchMap":{},"s":{"0":1,"1":1,"2":1,"3":1,"4":1,"5":1},"f":{"0":1},"b":{}}
,"/Users/ilaminaty/Desktop/work-repo/xendit-KYC-platform/src/models/CftCheck.ts": {"path":"/Users/ilaminaty/Desktop/work-repo/xendit-KYC-platform/src/models/CftCheck.ts","statementMap":{"0":{"start":{"line":1,"column":0},"end":{"line":1,"column":56}},"1":{"start":{"line":40,"column":9},"end":{"line":40,"column":17}},"2":{"start":{"line":11,"column":33},"end":{"line":38,"column":1}},"3":{"start":{"line":12,"column":2},"end":{"line":35,"column":4}},"4":{"start":{"line":37,"column":2},"end":{"line":37,"column":18}},"5":{"start":{"line":11,"column":13},"end":{"line":11,"column":33}}},"fnMap":{"0":{"name":"(anonymous_0)","decl":{"start":{"line":11,"column":33},"end":{"line":11,"column":34}},"loc":{"start":{"line":11,"column":58},"end":{"line":38,"column":1}}}},"branchMap":{},"s":{"0":1,"1":1,"2":1,"3":1,"4":1,"5":1},"f":{"0":1},"b":{}}
,"/Users/ilaminaty/Desktop/work-repo/xendit-KYC-platform/src/models/Customer.ts": {"path":"/Users/ilaminaty/Desktop/work-repo/xendit-KYC-platform/src/models/Customer.ts","statementMap":{"0":{"start":{"line":1,"column":0},"end":{"line":1,"column":54}},"1":{"start":{"line":71,"column":8},"end":{"line":71,"column":16}},"2":{"start":{"line":17,"column":33},"end":{"line":69,"column":1}},"3":{"start":{"line":18,"column":4},"end":{"line":66,"column":6}},"4":{"start":{"line":68,"column":4},"end":{"line":68,"column":20}},"5":{"start":{"line":17,"column":13},"end":{"line":17,"column":33}}},"fnMap":{"0":{"name":"(anonymous_0)","decl":{"start":{"line":17,"column":33},"end":{"line":17,"column":34}},"loc":{"start":{"line":17,"column":58},"end":{"line":69,"column":1}}}},"branchMap":{},"s":{"0":1,"1":1,"2":1,"3":1,"4":1,"5":1},"f":{"0":1},"b":{}}
,"/Users/ilaminaty/Desktop/work-repo/xendit-KYC-platform/src/models/LivenessCheck.ts": {"path":"/Users/ilaminaty/Desktop/work-repo/xendit-KYC-platform/src/models/LivenessCheck.ts","statementMap":{"0":{"start":{"line":1,"column":0},"end":{"line":1,"column":56}},"1":{"start":{"line":50,"column":9},"end":{"line":50,"column":22}},"2":{"start":{"line":13,"column":38},"end":{"line":48,"column":1}},"3":{"start":{"line":14,"column":2},"end":{"line":45,"column":4}},"4":{"start":{"line":47,"column":2},"end":{"line":47,"column":23}},"5":{"start":{"line":13,"column":13},"end":{"line":13,"column":38}}},"fnMap":{"0":{"name":"(anonymous_0)","decl":{"start":{"line":13,"column":38},"end":{"line":13,"column":39}},"loc":{"start":{"line":13,"column":63},"end":{"line":48,"column":1}}}},"branchMap":{},"s":{"0":1,"1":1,"2":1,"3":1,"4":1,"5":1},"f":{"0":1},"b":{}}
,"/Users/ilaminaty/Desktop/work-repo/xendit-KYC-platform/src/models/Partner.ts": {"path":"/Users/ilaminaty/Desktop/work-repo/xendit-KYC-platform/src/models/Partner.ts","statementMap":{"0":{"start":{"line":1,"column":0},"end":{"line":1,"column":56}},"1":{"start":{"line":16,"column":4},"end":{"line":19,"column":7}},"2":{"start":{"line":68,"column":9},"end":{"line":68,"column":16}},"3":{"start":{"line":23,"column":32},"end":{"line":66,"column":1}},"4":{"start":{"line":24,"column":2},"end":{"line":63,"column":4}},"5":{"start":{"line":65,"column":2},"end":{"line":65,"column":17}},"6":{"start":{"line":23,"column":13},"end":{"line":23,"column":32}}},"fnMap":{"0":{"name":"(anonymous_0)","decl":{"start":{"line":15,"column":9},"end":{"line":15,"column":15}},"loc":{"start":{"line":15,"column":37},"end":{"line":20,"column":3}}},"1":{"name":"(anonymous_1)","decl":{"start":{"line":23,"column":32},"end":{"line":23,"column":33}},"loc":{"start":{"line":23,"column":57},"end":{"line":66,"column":1}}}},"branchMap":{},"s":{"0":1,"1":1,"2":1,"3":1,"4":1,"5":1,"6":1},"f":{"0":1,"1":1},"b":{}}
,"/Users/ilaminaty/Desktop/work-repo/xendit-KYC-platform/src/models/Submission.ts": {"path":"/Users/ilaminaty/Desktop/work-repo/xendit-KYC-platform/src/models/Submission.ts","statementMap":{"0":{"start":{"line":1,"column":0},"end":{"line":1,"column":56}},"1":{"start":{"line":40,"column":9},"end":{"line":40,"column":19}},"2":{"start":{"line":11,"column":35},"end":{"line":38,"column":1}},"3":{"start":{"line":12,"column":2},"end":{"line":35,"column":4}},"4":{"start":{"line":37,"column":2},"end":{"line":37,"column":20}},"5":{"start":{"line":11,"column":13},"end":{"line":11,"column":35}}},"fnMap":{"0":{"name":"(anonymous_0)","decl":{"start":{"line":11,"column":35},"end":{"line":11,"column":36}},"loc":{"start":{"line":11,"column":60},"end":{"line":38,"column":1}}}},"branchMap":{},"s":{"0":1,"1":1,"2":1,"3":1,"4":1,"5":1},"f":{"0":1},"b":{}}
,"/Users/ilaminaty/Desktop/work-repo/xendit-KYC-platform/src/models/index.ts": {"path":"/Users/ilaminaty/Desktop/work-repo/xendit-KYC-platform/src/models/index.ts","statementMap":{"0":{"start":{"line":1,"column":0},"end":{"line":1,"column":9}},"1":{"start":{"line":45,"column":9},"end":{"line":1,"column":20}},"2":{"start":{"line":45,"column":20},"end":{"line":1,"column":45}},"3":{"start":{"line":2,"column":0},"end":{"line":2,"column":63}},"4":{"start":{"line":3,"column":0},"end":{"line":3,"column":57}},"5":{"start":{"line":4,"column":0},"end":{"line":4,"column":57}},"6":{"start":{"line":5,"column":0},"end":{"line":5,"column":57}},"7":{"start":{"line":6,"column":0},"end":{"line":6,"column":72}},"8":{"start":{"line":7,"column":0},"end":{"line":7,"column":54}},"9":{"start":{"line":18,"column":26},"end":{"line":43,"column":1}},"10":{"start":{"line":19,"column":2},"end":{"line":19,"column":37}},"11":{"start":{"line":21,"column":2},"end":{"line":23,"column":3}},"12":{"start":{"line":22,"column":4},"end":{"line":22,"column":69}},"13":{"start":{"line":25,"column":25},"end":{"line":32,"column":4}},"14":{"start":{"line":35,"column":2},"end":{"line":39,"column":5}},"15":{"start":{"line":36,"column":4},"end":{"line":38,"column":5}},"16":{"start":{"line":37,"column":6},"end":{"line":37,"column":30}},"17":{"start":{"line":41,"column":2},"end":{"line":41,"column":49}},"18":{"start":{"line":42,"column":2},"end":{"line":42,"column":16}},"19":{"start":{"line":18,"column":13},"end":{"line":18,"column":26}}},"fnMap":{"0":{"name":"(anonymous_0)","decl":{"start":{"line":45,"column":9},"end":{"line":45,"column":18}},"loc":{"start":{"line":45,"column":9},"end":{"line":1,"column":20}}},"1":{"name":"(anonymous_1)","decl":{"start":{"line":45,"column":20},"end":{"line":45,"column":25}},"loc":{"start":{"line":45,"column":20},"end":{"line":1,"column":45}}},"2":{"name":"(anonymous_2)","decl":{"start":{"line":18,"column":26},"end":{"line":18,"column":27}},"loc":{"start":{"line":18,"column":59},"end":{"line":43,"column":1}}},"3":{"name":"(anonymous_3)","decl":{"start":{"line":35,"column":32},"end":{"line":35,"column":33}},"loc":{"start":{"line":35,"column":47},"end":{"line":39,"column":3}}}},"branchMap":{"0":{"loc":{"start":{"line":21,"column":2},"end":{"line":23,"column":3}},"type":"if","locations":[{"start":{"line":21,"column":2},"end":{"line":23,"column":3}}]},"1":{"loc":{"start":{"line":36,"column":4},"end":{"line":38,"column":5}},"type":"if","locations":[{"start":{"line":36,"column":4},"end":{"line":38,"column":5}}]}},"s":{"0":1,"1":1,"2":1,"3":1,"4":1,"5":1,"6":1,"7":1,"8":1,"9":1,"10":1,"11":1,"12":0,"13":1,"14":1,"15":6,"16":1,"17":1,"18":1,"19":1},"f":{"0":0,"1":0,"2":1,"3":6},"b":{"0":[0],"1":[1]}}
,"/Users/ilaminaty/Desktop/work-repo/xendit-KYC-platform/src/routes/customerRoutes.ts": {"path":"/Users/ilaminaty/Desktop/work-repo/xendit-KYC-platform/src/routes/customerRoutes.ts","statementMap":{"0":{"start":{"line":1,"column":0},"end":{"line":1,"column":30}},"1":{"start":{"line":2,"column":0},"end":{"line":2,"column":null}},"2":{"start":{"line":9,"column":15},"end":{"line":9,"column":31}},"3":{"start":{"line":68,"column":0},"end":{"line":68,"column":33}},"4":{"start":{"line":95,"column":0},"end":{"line":95,"column":32}},"5":{"start":{"line":128,"column":0},"end":{"line":128,"column":37}},"6":{"start":{"line":148,"column":0},"end":{"line":148,"column":33}},"7":{"start":{"line":200,"column":0},"end":{"line":200,"column":22}}},"fnMap":{},"branchMap":{},"s":{"0":1,"1":1,"2":1,"3":1,"4":1,"5":1,"6":1,"7":1},"f":{},"b":{}}
,"/Users/ilaminaty/Desktop/work-repo/xendit-KYC-platform/src/routes/healthRoutes.ts": {"path":"/Users/ilaminaty/Desktop/work-repo/xendit-KYC-platform/src/routes/healthRoutes.ts","statementMap":{"0":{"start":{"line":1,"column":0},"end":{"line":1,"column":30}},"1":{"start":{"line":2,"column":0},"end":{"line":2,"column":61}},"2":{"start":{"line":4,"column":15},"end":{"line":4,"column":31}},"3":{"start":{"line":18,"column":0},"end":{"line":18,"column":27}},"4":{"start":{"line":20,"column":0},"end":{"line":20,"column":22}}},"fnMap":{},"branchMap":{},"s":{"0":1,"1":1,"2":1,"3":1,"4":1},"f":{},"b":{}}
,"/Users/ilaminaty/Desktop/work-repo/xendit-KYC-platform/src/routes/partnerRoutes.ts": {"path":"/Users/ilaminaty/Desktop/work-repo/xendit-KYC-platform/src/routes/partnerRoutes.ts","statementMap":{"0":{"start":{"line":1,"column":0},"end":{"line":1,"column":30}},"1":{"start":{"line":2,"column":0},"end":{"line":2,"column":null}},"2":{"start":{"line":9,"column":15},"end":{"line":9,"column":31}},"3":{"start":{"line":51,"column":0},"end":{"line":51,"column":32}},"4":{"start":{"line":71,"column":0},"end":{"line":71,"column":32}},"5":{"start":{"line":94,"column":0},"end":{"line":94,"column":31}},"6":{"start":{"line":138,"column":0},"end":{"line":138,"column":36}},"7":{"start":{"line":140,"column":0},"end":{"line":140,"column":22}}},"fnMap":{},"branchMap":{},"s":{"0":1,"1":1,"2":1,"3":1,"4":1,"5":1,"6":1,"7":1},"f":{},"b":{}}
,"/Users/ilaminaty/Desktop/work-repo/xendit-KYC-platform/src/routes/submissionRoutes.ts": {"path":"/Users/ilaminaty/Desktop/work-repo/xendit-KYC-platform/src/routes/submissionRoutes.ts","statementMap":{"0":{"start":{"line":1,"column":0},"end":{"line":1,"column":30}},"1":{"start":{"line":2,"column":0},"end":{"line":2,"column":null}},"2":{"start":{"line":8,"column":15},"end":{"line":8,"column":31}},"3":{"start":{"line":28,"column":0},"end":{"line":28,"column":32}},"4":{"start":{"line":57,"column":0},"end":{"line":57,"column":54}},"5":{"start":{"line":116,"column":0},"end":{"line":116,"column":35}},"6":{"start":{"line":203,"column":0},"end":{"line":203,"column":22}}},"fnMap":{},"branchMap":{},"s":{"0":1,"1":1,"2":1,"3":1,"4":1,"5":1,"6":1},"f":{},"b":{}}
,"/Users/ilaminaty/Desktop/work-repo/xendit-KYC-platform/src/utils/database.ts": {"path":"/Users/ilaminaty/Desktop/work-repo/xendit-KYC-platform/src/utils/database.ts","statementMap":{"0":{"start":{"line":1,"column":0},"end":{"line":1,"column":26}},"1":{"start":{"line":2,"column":0},"end":{"line":2,"column":28}},"2":{"start":{"line":4,"column":0},"end":{"line":4,"column":16}},"3":{"start":{"line":6,"column":13},"end":{"line":12,"column":3}}},"fnMap":{},"branchMap":{"0":{"loc":{"start":{"line":11,"column":17},"end":{"line":11,"column":46}},"type":"binary-expr","locations":[{"start":{"line":11,"column":17},"end":{"line":11,"column":36}},{"start":{"line":11,"column":40},"end":{"line":11,"column":46}}]}},"s":{"0":1,"1":1,"2":1,"3":1},"f":{},"b":{"0":[1,0]}}
,"/Users/ilaminaty/Desktop/work-repo/xendit-KYC-platform/src/utils/errorHandler.ts": {"path":"/Users/ilaminaty/Desktop/work-repo/xendit-KYC-platform/src/utils/errorHandler.ts","statementMap":{"0":{"start":{"line":3,"column":28},"end":{"line":11,"column":1}},"1":{"start":{"line":9,"column":2},"end":{"line":9,"column":27}},"2":{"start":{"line":10,"column":2},"end":{"line":10,"column":58}},"3":{"start":{"line":3,"column":13},"end":{"line":3,"column":28}}},"fnMap":{"0":{"name":"(anonymous_0)","decl":{"start":{"line":3,"column":28},"end":{"line":3,"column":null}},"loc":{"start":{"line":8,"column":4},"end":{"line":11,"column":1}}}},"branchMap":{},"s":{"0":1,"1":0,"2":0,"3":1},"f":{"0":0},"b":{}}
}
