TN:
SF:src/app.ts
FN:37,(anonymous_8)
FN:37,(anonymous_9)
FNF:2
FNH:2
FNDA:1,(anonymous_8)
FNDA:1,(anonymous_9)
DA:1,1
DA:2,1
DA:3,1
DA:4,1
DA:5,1
DA:6,1
DA:7,1
DA:8,1
DA:9,1
DA:10,1
DA:11,1
DA:13,1
DA:15,1
DA:17,1
DA:20,1
DA:32,1
DA:37,1
DA:38,1
DA:39,1
DA:40,1
DA:42,1
DA:43,1
DA:44,0
DA:46,0
DA:47,0
DA:51,1
DA:54,1
DA:55,1
DA:56,1
DA:57,1
DA:60,1
DA:61,1
DA:66,1
DA:68,1
DA:69,1
LF:35
LH:32
BRDA:21,0,0,1
BRDA:21,0,1,0
BRDA:22,1,0,1
BRDA:22,1,1,0
BRDA:23,2,0,1
BRDA:23,2,1,0
BRDA:25,3,0,1
BRDA:25,3,1,0
BRDA:27,4,0,1
BRDA:27,4,1,0
BRF:10
BRH:5
end_of_record
TN:
SF:src/swagger.ts
FNF:0
FNH:0
DA:1,1
DA:2,1
DA:4,1
DA:6,1
DA:24,1
LF:5
LH:5
BRDA:17,0,0,1
BRDA:17,0,1,0
BRF:2
BRH:1
end_of_record
TN:
SF:src/config/database.ts
FNF:0
FNH:0
DA:1,1
DA:2,1
DA:4,1
DA:6,1
DA:16,1
LF:5
LH:5
BRDA:9,0,0,1
BRDA:9,0,1,0
BRF:2
BRH:1
end_of_record
TN:
SF:src/controllers/customerController.ts
FN:11,(anonymous_8)
FN:11,(anonymous_9)
FN:22,(anonymous_10)
FN:36,performSubmissionChecks
FN:84,performAMLCheck
FN:92,(anonymous_15)
FN:93,(anonymous_16)
FN:110,performCFTCheck
FN:118,(anonymous_19)
FN:119,(anonymous_20)
FN:136,sendWebhook
FN:147,(anonymous_23)
FN:147,(anonymous_24)
FN:160,(anonymous_25)
FN:160,(anonymous_26)
FN:177,(anonymous_27)
FN:177,(anonymous_28)
FNF:17
FNH:0
FNDA:0,(anonymous_8)
FNDA:0,(anonymous_9)
FNDA:0,(anonymous_10)
FNDA:0,performSubmissionChecks
FNDA:0,performAMLCheck
FNDA:0,(anonymous_15)
FNDA:0,(anonymous_16)
FNDA:0,performCFTCheck
FNDA:0,(anonymous_19)
FNDA:0,(anonymous_20)
FNDA:0,sendWebhook
FNDA:0,(anonymous_23)
FNDA:0,(anonymous_24)
FNDA:0,(anonymous_25)
FNDA:0,(anonymous_26)
FNDA:0,(anonymous_27)
FNDA:0,(anonymous_28)
DA:2,1
DA:3,1
DA:4,1
DA:5,1
DA:6,1
DA:7,1
DA:8,1
DA:9,1
DA:11,1
DA:12,0
DA:13,0
DA:15,0
DA:17,0
DA:20,0
DA:22,0
DA:23,0
DA:26,0
DA:31,0
DA:32,0
DA:38,0
DA:39,0
DA:40,0
DA:41,0
DA:42,0
DA:45,0
DA:46,0
DA:49,0
DA:50,0
DA:55,0
DA:56,0
DA:57,0
DA:58,0
DA:61,0
DA:62,0
DA:63,0
DA:64,0
DA:65,0
DA:71,0
DA:75,0
DA:76,0
DA:79,0
DA:85,0
DA:86,0
DA:87,0
DA:90,0
DA:92,0
DA:93,0
DA:96,0
DA:98,0
DA:103,0
DA:105,0
DA:106,0
DA:111,0
DA:112,0
DA:113,0
DA:116,0
DA:118,0
DA:119,0
DA:122,0
DA:124,0
DA:129,0
DA:131,0
DA:132,0
DA:137,0
DA:138,0
DA:139,0
DA:140,0
DA:142,0
DA:143,0
DA:147,1
DA:148,0
DA:149,0
DA:150,0
DA:151,0
DA:153,0
DA:155,0
DA:156,0
DA:160,1
DA:161,0
DA:162,0
DA:166,0
DA:167,0
DA:169,0
DA:170,0
DA:172,0
DA:173,0
DA:177,1
DA:178,0
DA:179,0
DA:180,0
DA:182,0
DA:183,0
LF:92
LH:12
BRDA:40,0,0,0
BRDA:56,1,0,0
BRDA:61,2,0,0
BRDA:61,2,1,0
BRDA:61,3,0,0
BRDA:61,3,1,0
BRDA:86,4,0,0
BRDA:112,5,0,0
BRDA:150,6,0,0
BRDA:166,7,0,0
BRF:10
BRH:0
end_of_record
TN:
SF:src/controllers/healthControllers.ts
FN:4,(anonymous_7)
FN:4,(anonymous_8)
FNF:2
FNH:2
FNDA:1,(anonymous_7)
FNDA:1,(anonymous_8)
DA:2,1
DA:4,1
DA:5,1
DA:6,1
DA:7,1
DA:9,0
LF:6
LH:5
BRF:0
BRH:0
end_of_record
TN:
SF:src/controllers/partnerController.ts
FN:5,(anonymous_8)
FN:5,(anonymous_9)
FN:33,(anonymous_10)
FN:33,(anonymous_11)
FN:43,(anonymous_12)
FN:43,(anonymous_13)
FN:56,(anonymous_14)
FN:56,(anonymous_15)
FNF:8
FNH:0
FNDA:0,(anonymous_8)
FNDA:0,(anonymous_9)
FNDA:0,(anonymous_10)
FNDA:0,(anonymous_11)
FNDA:0,(anonymous_12)
FNDA:0,(anonymous_13)
FNDA:0,(anonymous_14)
FNDA:0,(anonymous_15)
DA:2,1
DA:3,1
DA:5,1
DA:6,0
DA:8,0
DA:9,0
DA:12,0
DA:14,0
DA:16,0
DA:18,0
DA:20,0
DA:21,0
DA:22,0
DA:23,0
DA:24,0
DA:26,0
DA:33,1
DA:34,0
DA:35,0
DA:36,0
DA:38,0
DA:39,0
DA:43,1
DA:44,0
DA:45,0
DA:46,0
DA:47,0
DA:49,0
DA:51,0
DA:52,0
DA:56,1
DA:57,0
DA:59,0
DA:60,0
DA:66,0
DA:67,0
DA:68,0
DA:71,0
DA:73,0
DA:74,0
DA:76,0
DA:77,0
DA:78,0
LF:43
LH:6
BRDA:22,0,0,0
BRDA:28,1,0,0
BRDA:28,1,1,0
BRDA:46,2,0,0
BRDA:66,3,0,0
BRF:5
BRH:0
end_of_record
TN:
SF:src/controllers/submissionController.ts
FN:4,(anonymous_7)
FN:4,(anonymous_8)
FN:13,(anonymous_9)
FN:16,(anonymous_10)
FN:36,(anonymous_11)
FN:36,(anonymous_12)
FNF:6
FNH:0
FNDA:0,(anonymous_7)
FNDA:0,(anonymous_8)
FNDA:0,(anonymous_9)
FNDA:0,(anonymous_10)
FNDA:0,(anonymous_11)
FNDA:0,(anonymous_12)
DA:2,1
DA:4,1
DA:5,0
DA:6,0
DA:7,0
DA:9,0
DA:13,1
DA:16,0
DA:17,0
DA:19,0
DA:20,0
DA:24,0
DA:25,0
DA:29,0
DA:32,0
DA:36,1
DA:37,0
DA:39,0
DA:40,0
DA:41,0
DA:43,0
LF:21
LH:4
BRDA:24,0,0,0
BRDA:24,0,1,0
BRF:2
BRH:0
end_of_record
TN:
SF:src/models/AmlCheck.ts
FN:11,(anonymous_0)
FNF:1
FNH:1
FNDA:1,(anonymous_0)
DA:1,1
DA:11,1
DA:12,1
DA:37,1
DA:40,1
LF:5
LH:5
BRF:0
BRH:0
end_of_record
TN:
SF:src/models/CftCheck.ts
FN:11,(anonymous_0)
FNF:1
FNH:1
FNDA:1,(anonymous_0)
DA:1,1
DA:11,1
DA:12,1
DA:37,1
DA:40,1
LF:5
LH:5
BRF:0
BRH:0
end_of_record
TN:
SF:src/models/Customer.ts
FN:17,(anonymous_0)
FNF:1
FNH:1
FNDA:1,(anonymous_0)
DA:1,1
DA:17,1
DA:18,1
DA:68,1
DA:71,1
LF:5
LH:5
BRF:0
BRH:0
end_of_record
TN:
SF:src/models/LivenessCheck.ts
FN:13,(anonymous_0)
FNF:1
FNH:1
FNDA:1,(anonymous_0)
DA:1,1
DA:13,1
DA:14,1
DA:47,1
DA:50,1
LF:5
LH:5
BRF:0
BRH:0
end_of_record
TN:
SF:src/models/Partner.ts
FN:15,(anonymous_0)
FN:23,(anonymous_1)
FNF:2
FNH:2
FNDA:1,(anonymous_0)
FNDA:1,(anonymous_1)
DA:1,1
DA:16,1
DA:23,1
DA:24,1
DA:65,1
DA:68,1
LF:6
LH:6
BRF:0
BRH:0
end_of_record
TN:
SF:src/models/Submission.ts
FN:11,(anonymous_0)
FNF:1
FNH:1
FNDA:1,(anonymous_0)
DA:1,1
DA:11,1
DA:12,1
DA:37,1
DA:40,1
LF:5
LH:5
BRF:0
BRH:0
end_of_record
TN:
SF:src/models/index.ts
FN:45,(anonymous_0)
FN:45,(anonymous_1)
FN:18,(anonymous_2)
FN:35,(anonymous_3)
FNF:4
FNH:2
FNDA:0,(anonymous_0)
FNDA:0,(anonymous_1)
FNDA:1,(anonymous_2)
FNDA:6,(anonymous_3)
DA:1,1
DA:2,1
DA:3,1
DA:4,1
DA:5,1
DA:6,1
DA:7,1
DA:18,1
DA:19,1
DA:21,1
DA:22,0
DA:25,1
DA:35,1
DA:36,6
DA:37,1
DA:41,1
DA:42,1
DA:45,1
LF:18
LH:17
BRDA:21,0,0,0
BRDA:36,1,0,1
BRF:2
BRH:1
end_of_record
TN:
SF:src/routes/customerRoutes.ts
FNF:0
FNH:0
DA:1,1
DA:2,1
DA:9,1
DA:68,1
DA:95,1
DA:128,1
DA:148,1
DA:200,1
LF:8
LH:8
BRF:0
BRH:0
end_of_record
TN:
SF:src/routes/healthRoutes.ts
FNF:0
FNH:0
DA:1,1
DA:2,1
DA:4,1
DA:18,1
DA:20,1
LF:5
LH:5
BRF:0
BRH:0
end_of_record
TN:
SF:src/routes/partnerRoutes.ts
FNF:0
FNH:0
DA:1,1
DA:2,1
DA:9,1
DA:51,1
DA:71,1
DA:94,1
DA:138,1
DA:140,1
LF:8
LH:8
BRF:0
BRH:0
end_of_record
TN:
SF:src/routes/submissionRoutes.ts
FNF:0
FNH:0
DA:1,1
DA:2,1
DA:8,1
DA:28,1
DA:57,1
DA:116,1
DA:203,1
LF:7
LH:7
BRF:0
BRH:0
end_of_record
TN:
SF:src/utils/database.ts
FNF:0
FNH:0
DA:1,1
DA:2,1
DA:4,1
DA:6,1
LF:4
LH:4
BRDA:11,0,0,1
BRDA:11,0,1,0
BRF:2
BRH:1
end_of_record
TN:
SF:src/utils/errorHandler.ts
FN:3,(anonymous_0)
FNF:1
FNH:0
FNDA:0,(anonymous_0)
DA:3,1
DA:9,0
DA:10,0
LF:3
LH:1
BRF:0
BRH:0
end_of_record
